Using pre-set license
Built from '2020.3/release' branch; Version is '2020.3.1f1 (77a89f25062f) revision 7841951'; Using compiler version '192528614'; Build Type 'Release'
OS: 'Windows 10 Pro; OS build 19041.421; Version 2004; 64bit' Language: 'es' Physical Memory: 16263 MB
BatchMode: 1, IsHumanControllingUs: 0, StartBugReporterOnCrash: 0, Is64bit: 1, IsPro: 0

 COMMAND LINE ARGUMENTS:
C:\Program Files\Unity\Hub\Editor\2020.3.1f1\Editor\Unity.exe
-adb2
-batchMode
-noUpm
-name
AssetImportWorker0
-projectPath
C:/Users/Inglés 27/TCU prueba oficial
-logFile
Logs/AssetImportWorker0.log
-srvPort
50341
Successfully changed project path to: C:/Users/Inglés 27/TCU prueba oficial
C:/Users/Inglés 27/TCU prueba oficial
Using Asset Import Pipeline V2.
Refreshing native plugins compatible for Editor in 51.66 ms, found 1 plugins.
Preloading 0 native plugins for Editor in 0.00 ms.
Initialize engine version: 2020.3.1f1 (77a89f25062f)
[Subsystems] Discovering subsystems at path C:/Program Files/Unity/Hub/Editor/2020.3.1f1/Editor/Data/Resources/UnitySubsystems
[Subsystems] Discovering subsystems at path C:/Users/Inglés 27/TCU prueba oficial/Assets
GfxDevice: creating device client; threaded=0
Direct3D:
    Version:  Direct3D 11.0 [level 11.1]
    Renderer: Microsoft Basic Render Driver (ID=0x8c)
    Vendor:   
    VRAM:     8131 MB
Initialize mono
Mono path[0] = 'C:/Program Files/Unity/Hub/Editor/2020.3.1f1/Editor/Data/Managed'
Mono path[1] = 'C:/Program Files/Unity/Hub/Editor/2020.3.1f1/Editor/Data/MonoBleedingEdge/lib/mono/unityjit'
Mono config path = 'C:/Program Files/Unity/Hub/Editor/2020.3.1f1/Editor/Data/MonoBleedingEdge/etc'
Using monoOptions --debugger-agent=transport=dt_socket,embedding=1,server=y,suspend=n,address=127.0.0.1:56936
Begin MonoManager ReloadAssembly
Registering precompiled unity dll's ...
Register platform support module: C:/Program Files/Unity/Hub/Editor/2020.3.1f1/Editor/Data/PlaybackEngines/WindowsStandaloneSupport/UnityEditor.WindowsStandalone.Extensions.dll
Registered in 0.003497 seconds.
Native extension for WindowsStandalone target not found
Refreshing native plugins compatible for Editor in 57.62 ms, found 1 plugins.
Preloading 0 native plugins for Editor in 0.00 ms.
Invoked RoslynAnalysisRunner static constructor.
RoslynAnalysisRunner will not be running.
RoslynAnalysisRunner has terminated.
Mono: successfully reloaded assembly
- Completed reload, in  1.680 seconds
Platform modules already initialized, skipping
Registering precompiled user dll's ...
Registered in 0.002733 seconds.
Begin MonoManager ReloadAssembly
Native extension for WindowsStandalone target not found
Refreshing native plugins compatible for Editor in 50.19 ms, found 1 plugins.
Preloading 0 native plugins for Editor in 0.00 ms.
Invoked RoslynAnalysisRunner static constructor.
RoslynAnalysisRunner will not be running.
RoslynAnalysisRunner has terminated.
Mono: successfully reloaded assembly
- Completed reload, in  1.508 seconds
Platform modules already initialized, skipping
========================================================================
Worker process is ready to serve import requests
Launched and connected shader compiler UnityShaderCompiler.exe after 0.07 seconds
Refreshing native plugins compatible for Editor in 0.58 ms, found 1 plugins.
Preloading 0 native plugins for Editor in 0.00 ms.
Unloading 1806 Unused Serialized files (Serialized files now loaded: 0)
System memory in use before: 84.6 MB.
System memory in use after: 84.6 MB.

Unloading 24 unused Assets to reduce memory usage. Loaded Objects now: 2248.
Total: 2.496300 ms (FindLiveObjects: 0.357000 ms CreateObjectMapping: 0.126200 ms MarkObjects: 1.871600 ms  DeleteObjects: 0.140100 ms)

========================================================================
Received Import Request.
  path: Assets/158b17b1052f6b3cbd0af62e47fc74ce-ilustraci-oacute-n-de-aacute-guila-de-ala-by-vexels.png
  artifactKey: Guid(32835762ae03c4d4faae5d5438694b20) Importer(815301076,1909f56bfc062723c751e8b465ee728b)
Start importing Assets/158b17b1052f6b3cbd0af62e47fc74ce-ilustraci-oacute-n-de-aacute-guila-de-ala-by-vexels.png using Guid(32835762ae03c4d4faae5d5438694b20) Importer(815301076,1909f56bfc062723c751e8b465ee728b)  -> (artifact id: '9f59d432558765377803eedaf5f1462e') in 0.188030 seconds
  Import took 0.193492 seconds .

========================================================================
Received Import Request.
  Time since last request: 0.900230 seconds.
  path: Assets/158b17b1052f6b3cbd0af62e47fc74ce-ilustraci-oacute-n-de-aacute-guila-de-ala-by-vexels.png
  artifactKey: Guid(32835762ae03c4d4faae5d5438694b20) Importer(815301076,1909f56bfc062723c751e8b465ee728b)
Start importing Assets/158b17b1052f6b3cbd0af62e47fc74ce-ilustraci-oacute-n-de-aacute-guila-de-ala-by-vexels.png using Guid(32835762ae03c4d4faae5d5438694b20) Importer(815301076,1909f56bfc062723c751e8b465ee728b)  -> (artifact id: '9f59d432558765377803eedaf5f1462e') in 0.016527 seconds
  Import took 0.092345 seconds .

