Using pre-set license
Built from '2020.3/release' branch; Version is '2020.3.1f1 (77a89f25062f) revision 7841951'; Using compiler version '192528614'; Build Type 'Release'
OS: 'Windows 10 Pro; OS build 19041.421; Version 2004; 64bit' Language: 'es' Physical Memory: 16263 MB
BatchMode: 1, IsHumanControllingUs: 0, StartBugReporterOnCrash: 0, Is64bit: 1, IsPro: 0

 COMMAND LINE ARGUMENTS:
C:\Program Files\Unity\Hub\Editor\2020.3.1f1\Editor\Unity.exe
-adb2
-batchMode
-noUpm
-name
AssetImportWorker0
-projectPath
C:/Users/Inglés 27/TCU prueba oficial
-logFile
Logs/AssetImportWorker0.log
-srvPort
50156
Successfully changed project path to: C:/Users/Inglés 27/TCU prueba oficial
C:/Users/Inglés 27/TCU prueba oficial
Using Asset Import Pipeline V2.
Refreshing native plugins compatible for Editor in 79.07 ms, found 1 plugins.
Preloading 0 native plugins for Editor in 0.00 ms.
Initialize engine version: 2020.3.1f1 (77a89f25062f)
[Subsystems] Discovering subsystems at path C:/Program Files/Unity/Hub/Editor/2020.3.1f1/Editor/Data/Resources/UnitySubsystems
[Subsystems] Discovering subsystems at path C:/Users/Inglés 27/TCU prueba oficial/Assets
GfxDevice: creating device client; threaded=0
Direct3D:
    Version:  Direct3D 11.0 [level 11.1]
    Renderer: Microsoft Basic Render Driver (ID=0x8c)
    Vendor:   
    VRAM:     8131 MB
Initialize mono
Mono path[0] = 'C:/Program Files/Unity/Hub/Editor/2020.3.1f1/Editor/Data/Managed'
Mono path[1] = 'C:/Program Files/Unity/Hub/Editor/2020.3.1f1/Editor/Data/MonoBleedingEdge/lib/mono/unityjit'
Mono config path = 'C:/Program Files/Unity/Hub/Editor/2020.3.1f1/Editor/Data/MonoBleedingEdge/etc'
Using monoOptions --debugger-agent=transport=dt_socket,embedding=1,server=y,suspend=n,address=127.0.0.1:56840
Begin MonoManager ReloadAssembly
Registering precompiled unity dll's ...
Register platform support module: C:/Program Files/Unity/Hub/Editor/2020.3.1f1/Editor/Data/PlaybackEngines/WindowsStandaloneSupport/UnityEditor.WindowsStandalone.Extensions.dll
Registered in 0.002622 seconds.
Native extension for WindowsStandalone target not found
Refreshing native plugins compatible for Editor in 44.47 ms, found 1 plugins.
Preloading 0 native plugins for Editor in 0.00 ms.
Invoked RoslynAnalysisRunner static constructor.
RoslynAnalysisRunner will not be running.
RoslynAnalysisRunner has terminated.
Mono: successfully reloaded assembly
- Completed reload, in  1.452 seconds
Platform modules already initialized, skipping
Registering precompiled user dll's ...
Registered in 0.001200 seconds.
Begin MonoManager ReloadAssembly
Native extension for WindowsStandalone target not found
Refreshing native plugins compatible for Editor in 62.07 ms, found 1 plugins.
Preloading 0 native plugins for Editor in 0.00 ms.
Invoked RoslynAnalysisRunner static constructor.
RoslynAnalysisRunner will not be running.
RoslynAnalysisRunner has terminated.
Mono: successfully reloaded assembly
- Completed reload, in  1.334 seconds
Platform modules already initialized, skipping
========================================================================
Worker process is ready to serve import requests
Launched and connected shader compiler UnityShaderCompiler.exe after 0.06 seconds
Refreshing native plugins compatible for Editor in 0.36 ms, found 1 plugins.
Preloading 0 native plugins for Editor in 0.00 ms.
Unloading 1806 Unused Serialized files (Serialized files now loaded: 0)
System memory in use before: 84.6 MB.
System memory in use after: 84.5 MB.

Unloading 24 unused Assets to reduce memory usage. Loaded Objects now: 2248.
Total: 4.122200 ms (FindLiveObjects: 0.338500 ms CreateObjectMapping: 0.180300 ms MarkObjects: 3.335400 ms  DeleteObjects: 0.265400 ms)

========================================================================
Received Import Request.
  path: Assets/chicken-png.png
  artifactKey: Guid(6c6a9d38d5e10c14ebc6eb22fc5d68d6) Importer(815301076,1909f56bfc062723c751e8b465ee728b)
Start importing Assets/chicken-png.png using Guid(6c6a9d38d5e10c14ebc6eb22fc5d68d6) Importer(815301076,1909f56bfc062723c751e8b465ee728b)  -> (artifact id: '35a79db941859cecd267e1301c32a3db') in 0.176010 seconds
  Import took 0.180927 seconds .

========================================================================
Received Import Request.
  Time since last request: 0.000365 seconds.
  path: Assets/f2ff6ac96c7b3bed08a5f46b01128873-cazador-pistola-apuntando-hacia-la-derecha-silueta-by-vexels.png
  artifactKey: Guid(da7249c0da57743449cbce9acccf13e3) Importer(815301076,1909f56bfc062723c751e8b465ee728b)
Start importing Assets/f2ff6ac96c7b3bed08a5f46b01128873-cazador-pistola-apuntando-hacia-la-derecha-silueta-by-vexels.png using Guid(da7249c0da57743449cbce9acccf13e3) Importer(815301076,1909f56bfc062723c751e8b465ee728b)  -> (artifact id: '99cfca38aedbaeeb5fd7d437cfadf246') in 0.020462 seconds
  Import took 0.025084 seconds .

AssetImportWorkerClient::OnTransportError - code=2 error=End of file
